This is pTeX, Version p2.1.5.beta12, based on TeX, Version 3.14159 (SJIS) (Web2c 7.0) (format=platex 5.8.11)  8 MAR 2006 00:15
**kaisekitotal.tex
(kaisekitotal.tex
pLaTeX2e <1997/07/02>+2 (based on LaTeX2e <1997/06/01> patch level 0)
(c:/usr/local/share/texmf/tex/platex/local/myjbook.cls
Document Class: myjbook 1997/08/14 v1.3 Okumura's Classes
LaTeX Info: Redefining \sffamily on input line 28.
LaTeX Info: Redefining \ttfamily on input line 31.
(c:/usr/local/share/texmf/tex/platex/local/myjbk10.clo
File: myjbk10.clo 1997/08/14 v1.3 Okumura's Classes
LaTeX Font Info:    Font shape `JY1/mc/m/n' will be
(Font)              scaled to size 9.60999pt on input line 29.
)
\c@part=\count81
\c@chapter=\count82
\c@section=\count83
\c@subsection=\count84
\c@subsubsection=\count85
\c@paragraph=\count86
\c@subparagraph=\count87
\c@figure=\count88
\c@table=\count89
\abovecaptionskip=\skip41
\belowcaptionskip=\skip42
\@lnumwidth=\dimen118
\bibindent=\dimen119
)
(c:/usr/local/share/texmf/tex/latex/amsfonts/amsfonts.sty
Package: amsfonts 1997/03/24 v2.2c
\@emptytoks=\toks15
\symAMSa=\mathgroup4
\symAMSb=\mathgroup5
LaTeX Font Info:    Overwriting math alphabet `\mathfrak' in version `bold'
(Font)                  U/euf/m/n --> U/euf/b/n on input line 133.
)
(c:/usr/local/share/texmf/tex/latex/amslatex/amsmath.sty
Package: amsmath 1997/03/20 v1.2d AMS math features
\@mathmargin=\skip43

(c:/usr/local/share/texmf/tex/latex/amslatex/amstext.sty
Package: amstext 1996/10/28 v1.2b

(c:/usr/local/share/texmf/tex/latex/amslatex/amsgen.sty
File: amsgen 1996/10/29 v1.2b
\@emptytoks=\toks16
\ex@=\dimen120
))
(c:/usr/local/share/texmf/tex/latex/amslatex/amsbsy.sty
Package: amsbsy 1996/10/28 v1.2b
\pmbraise@=\dimen121
)
(c:/usr/local/share/texmf/tex/latex/amslatex/amsopn.sty
Package: amsopn 1996/10/28 v1.2b operator names
)
LaTeX Info: Redefining \frac on input line 188.
\uproot@=\count90
\leftroot@=\count91
\classnum@=\count92
\DOTSCASE@=\count93
LaTeX Info: Redefining \dots on input line 335.
LaTeX Info: Redefining \ldots on input line 418.
LaTeX Info: Redefining \cdots on input line 422.
\Mathstrutbox@=\box41
\strutbox@=\box42
\big@size=\dimen122
LaTeX Font Info:    Redeclaring font encoding OML on input line 500.
LaTeX Font Info:    Redeclaring font encoding OMS on input line 501.
\skewcharcount@=\count94
\familycount@=\count95
\pointcount@=\count96
\accentdimen@=\dimen123
\accentmu@=\count97
\minaw@=\dimen124
\c@MaxMatrixCols=\count98
\dotsspace@=\muskip10
\c@parentequation=\count99
\dspbrk@lvl=\count100
\tag@help=\toks17
\row@=\count101
\column@=\count102
\maxfields@=\count103
\andhelp@=\toks18
\eqnshift@=\dimen125
\alignsep@=\dimen126
\tagshift@=\dimen127
\tagwidth@=\dimen128
\totwidth@=\dimen129
\lineht@=\dimen130
\@envbody=\toks19
\multlinegap=\skip44
\multlinetaggap=\skip45
)
(c:/usr/local/share/texmf/tex/latex/amsfonts/amssymb.sty
Package: amssymb 1996/11/03 v2.2b
)
(c:/usr/local/share/texmf/tex/latex/graphics/graphicx.sty
Package: graphicx 1997/06/09 v1.0d Enhanced LaTeX Graphics (DPC,SPQR)

(c:/usr/local/share/texmf/tex/latex/graphics/keyval.sty
Package: keyval 1995/09/21 v1.09 key=value parser (DPC)
)
(c:/usr/local/share/texmf/tex/latex/graphics/graphics.sty
Package: graphics 1997/06/07 v1.0d Standard LaTeX Graphics (DPC,SPQR)

(c:/usr/local/share/texmf/tex/latex/graphics/trig.sty
Package: trig 1994/10/16 v1.08 sin cos tan (DPC)
)
(c:/usr/local/share/texmf/tex/latex/config/graphics.cfg)
Package graphics Info: Driver file: dviout.def on input line 84.

(c:/usr/local/share/texmf/tex/latex/graphics/dviout.def
File: dviout.def 1997/6/29 Driver file of `dviout' for LaTeXe
))
\Gin@req@height=\dimen131
\Gin@req@width=\dimen132
)
(c:/usr/local/share/texmf/tex/latex/amsfonts/eucal.sty
Package: eucal 1995/01/06 v2.2 Euler Script fonts
LaTeX Font Info:    Overwriting math alphabet `\EuScript' in version `bold'
(Font)                  U/eus/m/n --> U/eus/b/n on input line 47.
)
(c:/usr/local/share/texmf/tex/latex/base/latexsym.sty
Package: latexsym 1996/11/20 v2.2d Standard LaTeX package (lasy symbols)
\symlasy=\mathgroup6
LaTeX Font Info:    Overwriting symbol font `lasy' in version `bold'
(Font)                  U/lasy/m/n --> U/lasy/b/n on input line 85.
)
(c:/usr/local/share/texmf/tex/latex/misc/epic.sty
Enhancements to Picture Environment. Version 1.2 - Released June 1, 1986
\@@multicnt=\count104
\d@lta=\count105
\@delta=\dimen133
\@@delta=\dimen134
\@gridcnt=\count106
\@joinkind=\count107
\@dotgap=\dimen135
\@ddotgap=\dimen136
\@x@diff=\count108
\@y@diff=\count109
\x@diff=\dimen137
\y@diff=\dimen138
\@dotbox=\box43
\num@segments=\count110
\num@segmentsi=\count111
\@datafile=\read1
) (c:/usr/local/share/texmf/tex/latex/misc/eepic.sty
Extension to Epic and LaTeX. Version 1.1b - Released Febrary 7, 1988
\@gphlinewidth=\count112
\@eepictcnt=\count113
\@tempdimc=\dimen139
\maxovaldiam=\dimen140
\@filltype=\box44
) (c:/usr/local/share/texmf/tex/platex/base/ascmac.sty
(c:/usr/local/share/texmf/tex/platex/base/tascmac.sty
\@savetbaselineshift=\dimen141
\@saveybaselineshift=\dimen142
\scb@x=\box45
\scscb@x=\box46
\@bw=\dimen143
\@nbox=\box47
\@nbody=\box48
\@scw=\dimen144
\@itemh=\dimen145
\@iboxstr=\toks20
\@iboxpos=\toks21
\@bwsp=\box49
\@@bwsp=\box50
\@bcal=\count114
\shaderule=\dimen146
))
No file kaisekitotal.aux.
\openout1 = `kaisekitotal.aux'.

LaTeX Font Info:    Checking defaults for OML/cmm/m/it on input line 37.
LaTeX Font Info:    ... okay on input line 37.
LaTeX Font Info:    Checking defaults for T1/cmr/m/n on input line 37.
LaTeX Font Info:    ... okay on input line 37.
LaTeX Font Info:    Checking defaults for OT1/cmr/m/n on input line 37.
LaTeX Font Info:    ... okay on input line 37.
LaTeX Font Info:    Checking defaults for OMS/cmsy/m/n on input line 37.
LaTeX Font Info:    ... okay on input line 37.
LaTeX Font Info:    Checking defaults for OMX/cmex/m/n on input line 37.
LaTeX Font Info:    ... okay on input line 37.
LaTeX Font Info:    Checking defaults for U/cmr/m/n on input line 37.
LaTeX Font Info:    ... okay on input line 37.
LaTeX Font Info:    Checking defaults for JY1/mc/m/n on input line 37.
LaTeX Font Info:    ... okay on input line 37.
LaTeX Font Info:    Checking defaults for JT1/mc/m/n on input line 37.
LaTeX Font Info:    ... okay on input line 37.
LaTeX Font Info:    Font shape `JY1/mc/m/n' will be
(Font)              scaled to size 23.90964pt on input line 41.
LaTeX Font Info:    Font shape `JY1/gt/m/n' will be
(Font)              scaled to size 23.90964pt on input line 41.
No file kaisekitotal.toc.
\tf@toc=\write3
\openout3 = `kaisekitotal.toc'.

LaTeX Font Info:    Font shape `JY1/mc/bx/n' in size <10> not available
(Font)              Font shape `JY1/gt/m/n' tried instead on input line 42.
LaTeX Font Info:    Font shape `JY1/gt/m/n' will be
(Font)              scaled to size 9.60999pt on input line 42.
LaTeX Font Info:    Font shape `JT1/mc/bx/n' in size <10> not available
(Font)              Font shape `JT1/gt/m/n' tried instead on input line 42.
[1



] [2

]
\openout2 = `total.aux'.

 (total.tex
第1章
LaTeX Font Info:    Font shape `JY1/mc/m/n' will be
(Font)              scaled to size 19.9311pt on input line 1.
LaTeX Font Info:    Font shape `JY1/gt/m/n' will be
(Font)              scaled to size 19.9311pt on input line 1.
LaTeX Font Info:    Font shape `JY1/mc/m/n' will be
(Font)              scaled to size 13.83836pt on input line 4.
LaTeX Font Info:    Font shape `JY1/gt/m/n' will be
(Font)              scaled to size 13.83836pt on input line 4.
LaTeX Font Info:    Try loading font information for U+msa on input line 11.
(c:/usr/local/share/texmf/tex/latex/amsfonts/umsa.fd
File: umsa.fd 1995/01/05 v2.2e AMS font definitions
)
LaTeX Font Info:    Try loading font information for U+msb on input line 11.

(c:/usr/local/share/texmf/tex/latex/amsfonts/umsb.fd
File: umsb.fd 1995/01/05 v2.2e AMS font definitions
)
LaTeX Font Info:    Try loading font information for U+lasy on input line 11.

(c:/usr/local/share/texmf/tex/latex/base/ulasy.fd
File: ulasy.fd 1996/11/20 v2.2dLaTeX symbol font definitions
)
LaTeX Font Info:    Font shape `JY1/mc/m/n' will be
(Font)              scaled to size 8.64899pt on input line 73.
 [1


]
LaTeX Font Info:    Font shape `JY1/gt/m/n' will be
(Font)              scaled to size 8.64899pt on input line 105.
 [2] [3]
LaTeX Font Info:    Font shape `JY1/mc/m/n' will be
(Font)              scaled to size 4.805pt on input line 289.
 [4] [5]
LaTeX Font Info:    Font shape `JY1/mc/m/n' will be
(Font)              scaled to size 11.53198pt on input line 394.
LaTeX Font Info:    Font shape `JY1/gt/m/n' will be
(Font)              scaled to size 11.53198pt on input line 394.
 [6]
[7]

LaTeX Warning: Reference `eq:1.7' on page 8 undefined on input line 520.

LaTeX Font Info:    Font shape `JY1/mc/m/n' will be
(Font)              scaled to size 7.68799pt on input line 558.
LaTeX Font Info:    Font shape `JY1/mc/m/n' will be
(Font)              scaled to size 5.76599pt on input line 558.
[8]

LaTeX Warning: Reference `eq:1.7' on page 9 undefined on input line 594.

[9]

LaTeX Warning: Reference `eq:1.9' on page 10 undefined on input line 749.


LaTeX Warning: Reference `eq:1.10' on page 10 undefined on input line 757.

[10]

LaTeX Warning: Reference `eq:1.10' on page 11 undefined on input line 767.


LaTeX Warning: Reference `eq:1.10' on page 11 undefined on input line 772.


LaTeX Warning: Reference `eq:1.11' on page 11 undefined on input line 781.


LaTeX Warning: Reference `eq:1.12' on page 11 undefined on input line 795.

[11] [12] [13] [14]

LaTeX Warning: Reference `eq:1.13' on page 15 undefined on input line 1103.

[15] [16] [17] [18] [19] [20] [21] [22] [23] [24] [25] [26] [27] [28] [29]
[30] [31] [32] [33]
Overfull \hbox (16.65857pt too wide) in paragraph at lines 2467--2477
[]\JY1/mc/m/n/10 このように ， $[]$$[] \OML/cmm/m/it/10 a[]$ $[]$$[] a[]$ $[]$\
JY1/mc/m/n/10 ． $[] \OML/cmm/m/it/10 a[] \U/msa/m/n/10 5
 []

[34] [35] [36] [37] [38]
Overfull \hbox (28.03766pt too wide) in paragraph at lines 2904--2904
[] 
 []

[39]
Overfull \hbox (5.71523pt too wide) in paragraph at lines 2964--2964
[] 
 []

[40] [41] [42] [43] [44] [45] [46] [47] [48] [49] [50] [51] [52] [53] [54]
[55] [56] [57] [58] [59]
LaTeX Font Info:    Try loading font information for U+eus on input line 4390.
 (c:/usr/local/share/texmf/tex/latex/amsfonts/ueus.fd
File: ueus.fd 1995/01/05 v2.2e AMS font definitions
)
[60] [61] [62] [63] [64] [65] [66] [67] [68] [69] [70] [71] [72] [73]
Overfull \hbox (11.68382pt too wide) in paragraph at lines 5407--5421
[]\OT1/cmr/bx/n/10 9 \JY1/gt/m/n/10 　\JY1/mc/m/n/10 与えられた実数 $\OML/cmm/m
/it/10 a$\JY1/mc/m/n/10 ， $\OML/cmm/m/it/10 a > \OT1/cmr/m/n/10 0$\JY1/mc/m/n/
10 ， に対して $\OML/cmm/m/it/10 a[] \OT1/cmr/m/n/10 = [] []$\JY1/mc/m/n/10 ， 
$\OML/cmm/m/it/10 a[] \OT1/cmr/m/n/10 = [] []$\JY1/mc/m/n/10 ， $[]  \OML/cmm/m
/it/10 ;$ $a[] \OT1/cmr/m/n/10 = [] []$\JY1/mc/m/n/10 ，
 []

[74] [75] [76

]
第2章
[77] [78] [79] [80] [81]
Overfull \hbox (12.5725pt too wide) in paragraph at lines 5782--5790
[]$\OML/cmm/m/it/10 f\OT1/cmr/m/n/10 (\OML/cmm/m/it/10 x\OT1/cmr/m/n/10 )\OML/c
mm/m/it/10 ; g\OT1/cmr/m/n/10 (\OML/cmm/m/it/10 x\OT1/cmr/m/n/10 )$$[]$$ \OML/c
mm/m/it/10 I $$[]$$\OT1/cmr/m/n/10 : \OML/cmm/m/it/10 c[]f\OT1/cmr/m/n/10 (\OML
/cmm/m/it/10 x\OT1/cmr/m/n/10 ) + \OML/cmm/m/it/10 c[]g\OT1/cmr/m/n/10 (\OML/cm
m/m/it/10 x\OT1/cmr/m/n/10 )\OML/cmm/m/it/10 ; c[]; c[] $$[]$\OT1/cmr/m/n/10 , 
$[]$$ :
 []


Overfull \hbox (3.3668pt too wide) in paragraph at lines 5782--5790
\OML/cmm/m/it/10 f\OT1/cmr/m/n/10 (\OML/cmm/m/it/10 x\OT1/cmr/m/n/10 )\OML/cmm/
m/it/10 g\OT1/cmr/m/n/10 (\OML/cmm/m/it/10 x\OT1/cmr/m/n/10 ) $$[]$$ \OML/cmm/m
/it/10 I $$[]$\JY1/mc/m/n/10 ． さらに $\OML/cmm/m/it/10 I $ $[]$$ x $$[]$$g\OT
1/cmr/m/n/10 (\OML/cmm/m/it/10 x\OT1/cmr/m/n/10 ) \OMS/cmsy/m/n/10 6\OT1/cmr/m/
n/10 = 0$$[]$$ \OML/cmm/m/it/10 f\OT1/cmr/m/n/10 (\OML/cmm/m/it/10 x\OT1/cmr/m/
n/10 )\OML/cmm/m/it/10 =g\OT1/cmr/m/n/10 (\OML/cmm/m/it/10 x\OT1/cmr/m/n/10 ) $
$[]$$ \OML/cmm/m/it/10 I $$[]$$[]$
 []

[82] [83]

LaTeX Warning: Reference `eq2.4' on page 84 undefined on input line 5935.


LaTeX Warning: Reference `eq2.4' on page 84 undefined on input line 5951.

[84] [85] [86]

LaTeX Font Warning: Command \small invalid in math mode on input line 6404.


LaTeX Font Warning: Command \small invalid in math mode on input line 6405.

[87] [88] [89] [90]

LaTeX Warning: Reference `eq2x5' on page 91 undefined on input line 6649.

[91] [92]
Overfull \hbox (5.15186pt too wide) in paragraph at lines 6742--6744
$[]$
 []


LaTeX Warning: Reference `eq1x17' on page 93 undefined on input line 6777.

[93]

LaTeX Warning: Reference `eq2x7' on page 94 undefined on input line 6871.


LaTeX Warning: Reference `eq2x7' on page 94 undefined on input line 6873.


LaTeX Warning: Reference `eq1x23' on page 94 undefined on input line 6873.


LaTeX Warning: Reference `eq1x23' on page 94 undefined on input line 6878.

[94] [95] [96] [97]
File: p098.bmp Graphic file (type bmp)
 <p098.bmp 226bp x 113bp> [98]

LaTeX Warning: Reference `eq2x15' on page 99 undefined on input line 7285.


LaTeX Warning: Reference `eq2x18' on page 99 undefined on input line 7286.


LaTeX Warning: Reference `eq1x23' on page 99 undefined on input line 7286.

[99]

LaTeX Warning: Reference `eq2x15' on page 100 undefined on input line 7350.


LaTeX Warning: Reference `eq2x15' on page 100 undefined on input line 7351.


LaTeX Warning: Reference `eq1x23' on page 100 undefined on input line 7361.


LaTeX Warning: Reference `eq2x15' on page 100 undefined on input line 7386.

[100]

LaTeX Warning: Reference `eq2x19' on page 101 undefined on input line 7401.


LaTeX Warning: Reference `eq2x20' on page 101 undefined on input line 7431.


LaTeX Warning: Reference `eq2x20' on page 101 undefined on input line 7433.


LaTeX Warning: Reference `eq2x20' on page 101 undefined on input line 7459.

[101]
File: p101.bmp Graphic file (type bmp)
 <p101.bmp 226bp x 170bp>

LaTeX Warning: Reference `eq2x20' on page 102 undefined on input line 7473.

[102]
第3章

LaTeX Warning: Reference `eq3.1' on page 103 undefined on input line 7500.

[103

] [104] [105]
Overfull \hbox (194.98962pt too wide) in paragraph at lines 7666--7670
[]\JY1/mc/m/n/10 無理点 $\OML/cmm/m/it/10 ^^K$ \JY1/mc/m/n/10 は明らかに区間 $\
OT1/cmr/m/n/10 (01)$ \JY1/mc/m/n/10 で到る所稠密に分布している ． ゆえに $[]$
 []

[106]
第4章
[107

] [108

]
第5章

LaTeX Warning: Reference `eq2x5' on page 109 undefined on input line 7718.


LaTeX Warning: Reference `eq5x38' on page 109 undefined on input line 7734.


LaTeX Warning: Reference `eq5x39' on page 109 undefined on input line 7736.


LaTeX Warning: Reference `eq5x39' on page 109 undefined on input line 7738.

[109]

LaTeX Warning: Reference `eq5x39' on page 110 undefined on input line 7762.

[110] [111]) [112] (kaisekitotal.aux (total.aux))

LaTeX Warning: There were undefined references.


LaTeX Warning: Label(s) may have changed. Rerun to get cross-references right.

 )
(\end occurred inside a group at level 1) 
Here is how much of TeX's memory you used:
 1757 strings out of 10649
 18595 string characters out of 69356
 85764 words of memory out of 250001
 4793 multiletter control sequences out of 10000+0
 25432 words of font info for 121 fonts, out of 100000 for 500
 14 hyphenation exceptions out of 1000
 30i,17n,23p,261b,425s stack positions out of 300i,100n,500p,3000b,4000s

Output written on kaisekitotal.dvi (114 pages, 506380 bytes).
